<?xml version="1.0" encoding="UTF-8"?>
<testng-results skipped="0" failed="0" ignored="0" total="1" passed="1">
  <reporter-output>
  </reporter-output>
  <suite name="Default suite" duration-ms="51661" started-at="2021-07-01T09:46:39Z" finished-at="2021-07-01T09:47:30Z">
    <groups>
    </groups>
    <test name="Default test" duration-ms="51661" started-at="2021-07-01T09:46:39Z" finished-at="2021-07-01T09:47:30Z">
      <class name="lambdaTest.lambdaTestPractical">
        <test-method status="PASS" signature="setUp()[pri:0, instance:lambdaTest.lambdaTestPractical@6e06451e]" name="setUp" is-config="true" duration-ms="9099" started-at="2021-07-01T09:46:39Z" finished-at="2021-07-01T09:46:48Z">
          <reporter-output>
          </reporter-output>
        </test-method> <!-- setUp -->
        <test-method status="PASS" signature="testScript()[pri:0, instance:lambdaTest.lambdaTestPractical@6e06451e]" name="testScript" duration-ms="42538" started-at="2021-07-01T09:46:48Z" finished-at="2021-07-01T09:47:30Z">
          <reporter-output>
          </reporter-output>
        </test-method> <!-- testScript -->
      </class> <!-- lambdaTest.lambdaTestPractical -->
    </test> <!-- Default test -->
  </suite> <!-- Default suite -->
</testng-results>
